--------------------------------------------------------------------------------
Release 14.7 Trace  (lin64)
Copyright (c) 1995-2013 Xilinx, Inc.  All rights reserved.

/opt/Xilinx/14.7/ISE_DS/ISE/bin/lin64/unwrapped/trce -intstyle ise -v 3 -s 5 -n
3 -fastpaths -xml FullI2CController.twx FullI2CController.ncd -o
FullI2CController.twr FullI2CController.pcf -ucf I2C_CONSTRAINTS.ucf

Design file:              FullI2CController.ncd
Physical constraint file: FullI2CController.pcf
Device,package,speed:     xc3s500e,fg320,-5 (PRODUCTION 1.27 2013-10-13)
Report level:             verbose report

Environment Variable      Effect 
--------------------      ------ 
NONE                      No environment variables were set
--------------------------------------------------------------------------------

INFO:Timing:2698 - No timing constraints found, doing default enumeration.
INFO:Timing:3412 - To improve timing, see the Timing Closure User Guide (UG612).
INFO:Timing:2752 - To get complete path coverage, use the unconstrained paths 
   option. All paths that are not constrained will be reported in the 
   unconstrained paths section(s) of the report.
INFO:Timing:3339 - The clock-to-out numbers in this timing report are based on 
   a 50 Ohm transmission line loading model.  For the details of this model, 
   and for more information on accounting for different loading conditions, 
   please see the device datasheet.
INFO:Timing:3390 - This architecture does not support a default System Jitter 
   value, please add SYSTEM_JITTER constraint to the UCF to modify the Clock 
   Uncertainty calculation.
INFO:Timing:3389 - This architecture does not support 'Discrete Jitter' and 
   'Phase Error' calculations, these terms will be zero in the Clock 
   Uncertainty calculation.  Please make appropriate modification to 
   SYSTEM_JITTER to account for the unsupported Discrete Jitter and Phase 
   Error.



Data Sheet report:
-----------------
All values displayed in nanoseconds (ns)

Setup/Hold to clock FCLK
------------+------------+------------+------------------+--------+
            |Max Setup to|Max Hold to |                  | Clock  |
Source      | clk (edge) | clk (edge) |Internal Clock(s) | Phase  |
------------+------------+------------+------------------+--------+
DATA        |    0.560(R)|    0.952(R)|FCLK_BUFGP        |   0.000|
------------+------------+------------+------------------+--------+

Clock FCLK to Pad
-------------------+------------+------------------+--------+
                   | clk (edge) |                  | Clock  |
Destination        |   to PAD   |Internal Clock(s) | Phase  |
-------------------+------------+------------------+--------+
CIRCUIT_OUT_DATA<0>|    5.613(R)|FCLK_BUFGP        |   0.000|
CIRCUIT_OUT_DATA<1>|    5.613(R)|FCLK_BUFGP        |   0.000|
CIRCUIT_OUT_DATA<2>|    5.614(R)|FCLK_BUFGP        |   0.000|
CIRCUIT_OUT_DATA<3>|    5.614(R)|FCLK_BUFGP        |   0.000|
CIRCUIT_OUT_DATA<4>|    5.620(R)|FCLK_BUFGP        |   0.000|
CIRCUIT_OUT_DATA<5>|    5.620(R)|FCLK_BUFGP        |   0.000|
CIRCUIT_OUT_DATA<6>|    5.620(R)|FCLK_BUFGP        |   0.000|
CIRCUIT_OUT_DATA<7>|    5.620(R)|FCLK_BUFGP        |   0.000|
-------------------+------------+------------------+--------+

Clock to Setup on destination clock CLK
---------------+---------+---------+---------+---------+
               | Src:Rise| Src:Fall| Src:Rise| Src:Fall|
Source Clock   |Dest:Rise|Dest:Rise|Dest:Fall|Dest:Fall|
---------------+---------+---------+---------+---------+
CLK            |    3.209|         |         |         |
FCLK           |    1.816|         |         |         |
---------------+---------+---------+---------+---------+

Clock to Setup on destination clock FCLK
---------------+---------+---------+---------+---------+
               | Src:Rise| Src:Fall| Src:Rise| Src:Fall|
Source Clock   |Dest:Rise|Dest:Rise|Dest:Fall|Dest:Fall|
---------------+---------+---------+---------+---------+
CLK            |    4.716|         |         |         |
FCLK           |    1.702|         |         |         |
---------------+---------+---------+---------+---------+


Analysis completed Thu Jun 30 13:02:19 2016 
--------------------------------------------------------------------------------

Trace Settings:
-------------------------
Trace Settings 

Peak Memory Usage: 347 MB



