Release 14.7 - xst P.20131013 (lin64)
Copyright (c) 1995-2013 Xilinx, Inc.  All rights reserved.
--> 
Parameter TMPDIR set to xst/projnav.tmp


Total REAL time to Xst completion: 0.00 secs
Total CPU time to Xst completion: 0.04 secs
 
--> 
Parameter xsthdpdir set to xst


Total REAL time to Xst completion: 0.00 secs
Total CPU time to Xst completion: 0.04 secs
 
--> 
Reading design: FullI2CController.prj

TABLE OF CONTENTS
  1) Synthesis Options Summary
  2) HDL Compilation
  3) Design Hierarchy Analysis
  4) HDL Analysis
  5) HDL Synthesis
     5.1) HDL Synthesis Report
  6) Advanced HDL Synthesis
     6.1) Advanced HDL Synthesis Report
  7) Low Level Synthesis
  8) Partition Report
  9) Final Report
	9.1) Device utilization summary
	9.2) Partition Resource Summary
	9.3) TIMING REPORT


=========================================================================
*                      Synthesis Options Summary                        *
=========================================================================
---- Source Parameters
Input File Name                    : "FullI2CController.prj"
Input Format                       : mixed
Ignore Synthesis Constraint File   : NO

---- Target Parameters
Output File Name                   : "FullI2CController"
Output Format                      : NGC
Target Device                      : xc3s500e-5-fg320

---- Source Options
Top Module Name                    : FullI2CController
Automatic FSM Extraction           : YES
FSM Encoding Algorithm             : Auto
Safe Implementation                : No
FSM Style                          : LUT
RAM Extraction                     : Yes
RAM Style                          : Auto
ROM Extraction                     : Yes
Mux Style                          : Auto
Decoder Extraction                 : YES
Priority Encoder Extraction        : Yes
Shift Register Extraction          : YES
Logical Shifter Extraction         : YES
XOR Collapsing                     : YES
ROM Style                          : Auto
Mux Extraction                     : Yes
Resource Sharing                   : YES
Asynchronous To Synchronous        : NO
Multiplier Style                   : Auto
Automatic Register Balancing       : No

---- Target Options
Add IO Buffers                     : YES
Global Maximum Fanout              : 100000
Add Generic Clock Buffer(BUFG)     : 24
Register Duplication               : YES
Slice Packing                      : YES
Optimize Instantiated Primitives   : NO
Use Clock Enable                   : Yes
Use Synchronous Set                : Yes
Use Synchronous Reset              : Yes
Pack IO Registers into IOBs        : Auto
Equivalent register Removal        : YES

---- General Options
Optimization Goal                  : Speed
Optimization Effort                : 1
Keep Hierarchy                     : No
Netlist Hierarchy                  : As_Optimized
RTL Output                         : Yes
Global Optimization                : AllClockNets
Read Cores                         : YES
Write Timing Constraints           : NO
Cross Clock Analysis               : NO
Hierarchy Separator                : /
Bus Delimiter                      : <>
Case Specifier                     : Maintain
Slice Utilization Ratio            : 100
BRAM Utilization Ratio             : 100
Verilog 2001                       : YES
Auto BRAM Packing                  : NO
Slice Utilization Ratio Delta      : 5

=========================================================================


=========================================================================
*                          HDL Compilation                              *
=========================================================================
Compiling verilog file "FLIP_FLOP.v" in library work
Compiling verilog file "Debouncer.v" in library work
Module <FlipFlop> compiled
Compiling verilog file "SynchronizationAndDebounce.v" in library work
Module <Debouncer> compiled
Compiling verilog file "ShiftRegister.v" in library work
Module <SynchronizationAndDebounce> compiled
Compiling verilog file "DataValidCheckerWithRegFull.v" in library work
Module <ShiftRegister> compiled
Compiling verilog file "AsyncDebounceWithShiftRegister.v" in library work
Module <DataValidCheckerWithOutRegFull> compiled
Compiling verilog file "FullI2CController.v" in library work
Module <AsyncDebounceWithShiftRegister> compiled
Module <FullI2CController> compiled
No errors in compilation
Analysis of file <"FullI2CController.prj"> succeeded.
 

=========================================================================
*                     Design Hierarchy Analysis                         *
=========================================================================
Analyzing hierarchy for module <FullI2CController> in library <work>.

Analyzing hierarchy for module <AsyncDebounceWithShiftRegister> in library <work>.

Analyzing hierarchy for module <DataValidCheckerWithOutRegFull> in library <work>.

Analyzing hierarchy for module <SynchronizationAndDebounce> in library <work>.

Analyzing hierarchy for module <ShiftRegister> in library <work> with parameters.
	REGISTER_SIZE = "00000000000000000000000000001011"

Analyzing hierarchy for module <FlipFlop> in library <work>.

Analyzing hierarchy for module <Debouncer> in library <work> with parameters.
	FILTER_WIDTH = "00000000000000000000000000000011"


=========================================================================
*                            HDL Analysis                               *
=========================================================================
Analyzing top module <FullI2CController>.
WARNING:Xst:2323 - "FullI2CController.v" line 50: Parameter 2 is not constant in call of system task $display.
"FullI2CController.v" line 50: $display : 

 LED_OUTPUT: 
WARNING:Xst:852 - "FullI2CController.v" line 42: Unconnected input port 'FAST_CLOCK' of instance 'CheckingModule' is tied to GND.
Module <FullI2CController> is correct for synthesis.
 
Analyzing module <AsyncDebounceWithShiftRegister> in library <work>.
Module <AsyncDebounceWithShiftRegister> is correct for synthesis.
 
Analyzing module <SynchronizationAndDebounce> in library <work>.
Module <SynchronizationAndDebounce> is correct for synthesis.
 
Analyzing module <FlipFlop> in library <work>.
Module <FlipFlop> is correct for synthesis.
 
Analyzing module <Debouncer> in library <work>.
	FILTER_WIDTH = 32'sb00000000000000000000000000000011
Module <Debouncer> is correct for synthesis.
 
Analyzing module <ShiftRegister> in library <work>.
	REGISTER_SIZE = 32'sb00000000000000000000000000001011
Module <ShiftRegister> is correct for synthesis.
 
Analyzing module <DataValidCheckerWithOutRegFull> in library <work>.
Module <DataValidCheckerWithOutRegFull> is correct for synthesis.
 

=========================================================================
*                           HDL Synthesis                               *
=========================================================================

Performing bidirectional port resolution...

Synthesizing Unit <DataValidCheckerWithOutRegFull>.
    Related source file is "DataValidCheckerWithRegFull.v".
WARNING:Xst:2109 - Contents of latch <DATA_VALID> never changes during circuit operation. The latch is removed and the signal is tied to value 0.
Unit <DataValidCheckerWithOutRegFull> synthesized.


Synthesizing Unit <ShiftRegister>.
    Related source file is "ShiftRegister.v".
WARNING:Xst:646 - Signal <SHIFT_REGISTER<10>> is assigned but never used. This unconnected signal will be trimmed during the optimization process.
    Found 8-bit register for signal <PARALLEL_DATA_OUTPUT>.
    Found 1-bit register for signal <PARITY_CHECK_BIT>.
    Found 4-bit up counter for signal <COUNTER_REGISTER>.
    Found 11-bit register for signal <SHIFT_REGISTER>.
    Summary:
	inferred   1 Counter(s).
	inferred  20 D-type flip-flop(s).
Unit <ShiftRegister> synthesized.


Synthesizing Unit <FlipFlop>.
    Related source file is "FLIP_FLOP.v".
    Found 1-bit register for signal <OUTPUT_DATA>.
    Summary:
	inferred   1 D-type flip-flop(s).
Unit <FlipFlop> synthesized.


Synthesizing Unit <Debouncer>.
    Related source file is "Debouncer.v".
    Found 1-bit register for signal <DEBOUNCED>.
    Found 4-bit register for signal <SHIFTER>.
    Summary:
	inferred   5 D-type flip-flop(s).
Unit <Debouncer> synthesized.


Synthesizing Unit <SynchronizationAndDebounce>.
    Related source file is "SynchronizationAndDebounce.v".
Unit <SynchronizationAndDebounce> synthesized.


Synthesizing Unit <AsyncDebounceWithShiftRegister>.
    Related source file is "AsyncDebounceWithShiftRegister.v".
WARNING:Xst:646 - Signal <DEBOUNCED_SLOW_CLOCK> is assigned but never used. This unconnected signal will be trimmed during the optimization process.
Unit <AsyncDebounceWithShiftRegister> synthesized.


Synthesizing Unit <FullI2CController>.
    Related source file is "FullI2CController.v".
    Found 8-bit register for signal <CIRCUIT_OUT_DATA>.
    Summary:
	inferred   8 D-type flip-flop(s).
Unit <FullI2CController> synthesized.


=========================================================================
HDL Synthesis Report

Macro Statistics
# Counters                                             : 1
 4-bit up counter                                      : 1
# Registers                                            : 10
 1-bit register                                        : 5
 11-bit register                                       : 1
 4-bit register                                        : 2
 8-bit register                                        : 2

=========================================================================

=========================================================================
*                       Advanced HDL Synthesis                          *
=========================================================================

WARNING:Xst:1290 - Hierarchical block <mySyncAndDebounceClock> is unconnected in block <SyncAndParalelizationModule>.
   It will be removed from the design.
WARNING:Xst:1290 - Hierarchical block <SyncAndParalelizationModule> is unconnected in block <FullI2CController>.
   It will be removed from the design.
WARNING:Xst:1290 - Hierarchical block <CheckingModule> is unconnected in block <FullI2CController>.
   It will be removed from the design.
WARNING:Xst:1710 - FF/Latch <CIRCUIT_OUT_DATA_0> (without init value) has a constant value of 0 in block <FullI2CController>. This FF/Latch will be trimmed during the optimization process.
WARNING:Xst:1895 - Due to other FF/Latch trimming, FF/Latch <CIRCUIT_OUT_DATA_1> (without init value) has a constant value of 0 in block <FullI2CController>. This FF/Latch will be trimmed during the optimization process.
WARNING:Xst:1895 - Due to other FF/Latch trimming, FF/Latch <CIRCUIT_OUT_DATA_2> (without init value) has a constant value of 0 in block <FullI2CController>. This FF/Latch will be trimmed during the optimization process.
WARNING:Xst:1895 - Due to other FF/Latch trimming, FF/Latch <CIRCUIT_OUT_DATA_3> (without init value) has a constant value of 0 in block <FullI2CController>. This FF/Latch will be trimmed during the optimization process.
WARNING:Xst:1895 - Due to other FF/Latch trimming, FF/Latch <CIRCUIT_OUT_DATA_4> (without init value) has a constant value of 0 in block <FullI2CController>. This FF/Latch will be trimmed during the optimization process.
WARNING:Xst:1895 - Due to other FF/Latch trimming, FF/Latch <CIRCUIT_OUT_DATA_5> (without init value) has a constant value of 0 in block <FullI2CController>. This FF/Latch will be trimmed during the optimization process.
WARNING:Xst:1895 - Due to other FF/Latch trimming, FF/Latch <CIRCUIT_OUT_DATA_6> (without init value) has a constant value of 0 in block <FullI2CController>. This FF/Latch will be trimmed during the optimization process.
WARNING:Xst:1895 - Due to other FF/Latch trimming, FF/Latch <CIRCUIT_OUT_DATA_7> (without init value) has a constant value of 0 in block <FullI2CController>. This FF/Latch will be trimmed during the optimization process.
WARNING:Xst:2677 - Node <SHIFT_REGISTER_10> of sequential type is unconnected in block <ShiftRegister>.

=========================================================================
Advanced HDL Synthesis Report

Macro Statistics
# Counters                                             : 1
 4-bit up counter                                      : 1
# Registers                                            : 39
 Flip-Flops                                            : 39

=========================================================================

=========================================================================
*                         Low Level Synthesis                           *
=========================================================================
WARNING:Xst:2677 - Node <SyncAndParalelizationModule/mySyncAndDebounceClock/myFlipFlop/OUTPUT_DATA> of sequential type is unconnected in block <FullI2CController>.
WARNING:Xst:2677 - Node <SyncAndParalelizationModule/mySyncAndDebounceClock/myDebouncer/SHIFTER_3> of sequential type is unconnected in block <FullI2CController>.
WARNING:Xst:2677 - Node <SyncAndParalelizationModule/mySyncAndDebounceClock/myDebouncer/SHIFTER_2> of sequential type is unconnected in block <FullI2CController>.
WARNING:Xst:2677 - Node <SyncAndParalelizationModule/mySyncAndDebounceClock/myDebouncer/SHIFTER_1> of sequential type is unconnected in block <FullI2CController>.
WARNING:Xst:2677 - Node <SyncAndParalelizationModule/mySyncAndDebounceClock/myDebouncer/SHIFTER_0> of sequential type is unconnected in block <FullI2CController>.
WARNING:Xst:2677 - Node <SyncAndParalelizationModule/mySyncAndDebounceClock/myDebouncer/DEBOUNCED> of sequential type is unconnected in block <FullI2CController>.

Optimizing unit <FullI2CController> ...

Optimizing unit <ShiftRegister> ...
WARNING:Xst:2677 - Node <SyncAndParalelizationModule/myShiftRegister/PARITY_CHECK_BIT> of sequential type is unconnected in block <FullI2CController>.
WARNING:Xst:2677 - Node <SyncAndParalelizationModule/myShiftRegister/SHIFT_REGISTER_9> of sequential type is unconnected in block <FullI2CController>.

Mapping all equations...
Building and optimizing final netlist ...
Found area constraint ratio of 100 (+ 5) on block FullI2CController, actual ratio is 0.

Final Macro Processing ...

Processing Unit <FullI2CController> :
	Found 3-bit shift register for signal <SyncAndParalelizationModule/mySyncAndDebounceData/myDebouncer/SHIFTER_1>.
	Found 2-bit shift register for signal <SyncAndParalelizationModule/myShiftRegister/SHIFT_REGISTER_1>.
Unit <FullI2CController> processed.

=========================================================================
Final Register Report

Macro Statistics
# Registers                                            : 30
 Flip-Flops                                            : 30
# Shift Registers                                      : 2
 2-bit shift register                                  : 1
 3-bit shift register                                  : 1

=========================================================================

=========================================================================
*                           Partition Report                            *
=========================================================================

Partition Implementation Status
-------------------------------

  No Partitions were found in this design.

-------------------------------

=========================================================================
*                            Final Report                               *
=========================================================================
Final Results
RTL Top Level Output File Name     : FullI2CController.ngr
Top Level Output File Name         : FullI2CController
Output Format                      : NGC
Optimization Goal                  : Speed
Keep Hierarchy                     : No

Design Statistics
# IOs                              : 11

Cell Usage :
# BELS                             : 8
#      GND                         : 1
#      INV                         : 1
#      LUT2                        : 1
#      LUT3                        : 1
#      LUT4                        : 3
#      VCC                         : 1
# FlipFlops/Latches                : 32
#      FD                          : 12
#      FDE                         : 8
#      FDR                         : 12
# Shift Registers                  : 2
#      SRL16                       : 2
# Clock Buffers                    : 2
#      BUFGP                       : 2
# IO Buffers                       : 9
#      IBUF                        : 1
#      OBUF                        : 8
=========================================================================

Device utilization summary:
---------------------------

Selected Device : 3s500efg320-5 

 Number of Slices:                       14  out of   4656     0%  
 Number of Slice Flip Flops:             24  out of   9312     0%  
 Number of 4 input LUTs:                  8  out of   9312     0%  
    Number used as logic:                 6
    Number used as Shift registers:       2
 Number of IOs:                          11
 Number of bonded IOBs:                  11  out of    232     4%  
    IOB Flip Flops:                       8
 Number of GCLKs:                         2  out of     24     8%  

---------------------------
Partition Resource Summary:
---------------------------

  No Partitions were found in this design.

---------------------------


=========================================================================
TIMING REPORT

NOTE: THESE TIMING NUMBERS ARE ONLY A SYNTHESIS ESTIMATE.
      FOR ACCURATE TIMING INFORMATION PLEASE REFER TO THE TRACE REPORT
      GENERATED AFTER PLACE-and-ROUTE.

Clock Information:
------------------
-----------------------------------+------------------------+-------+
Clock Signal                       | Clock buffer(FF name)  | Load  |
-----------------------------------+------------------------+-------+
FCLK                               | BUFGP                  | 13    |
CLK                                | BUFGP                  | 21    |
-----------------------------------+------------------------+-------+

Asynchronous Control Signals Information:
----------------------------------------
No asynchronous control signals found in this design

Timing Summary:
---------------
Speed Grade: -5

   Minimum period: 3.492ns (Maximum Frequency: 286.369MHz)
   Minimum input arrival time before clock: 1.829ns
   Maximum output required time after clock: 4.040ns
   Maximum combinational path delay: No path found

Timing Detail:
--------------
All values displayed in nanoseconds (ns)

=========================================================================
Timing constraint: Default period analysis for Clock 'FCLK'
  Clock period: 3.492ns (frequency: 286.369MHz)
  Total number of paths / destination ports: 7 / 4
-------------------------------------------------------------------------
Delay:               3.492ns (Levels of Logic = 0)
  Source:            SyncAndParalelizationModule/mySyncAndDebounceData/myDebouncer/Mshreg_SHIFTER_1 (FF)
  Destination:       SyncAndParalelizationModule/mySyncAndDebounceData/myDebouncer/SHIFTER_1 (FF)
  Source Clock:      FCLK rising
  Destination Clock: FCLK rising

  Data Path: SyncAndParalelizationModule/mySyncAndDebounceData/myDebouncer/Mshreg_SHIFTER_1 to SyncAndParalelizationModule/mySyncAndDebounceData/myDebouncer/SHIFTER_1
                                Gate     Net
    Cell:in->out      fanout   Delay   Delay  Logical Name (Net Name)
    ----------------------------------------  ------------
     SRL16:CLK->Q          1   3.224   0.000  SyncAndParalelizationModule/mySyncAndDebounceData/myDebouncer/Mshreg_SHIFTER_1 (SyncAndParalelizationModule/mySyncAndDebounceData/myDebouncer/Mshreg_SHIFTER_1)
     FD:D                      0.268          SyncAndParalelizationModule/mySyncAndDebounceData/myDebouncer/SHIFTER_1
    ----------------------------------------
    Total                      3.492ns (3.492ns logic, 0.000ns route)
                                       (100.0% logic, 0.0% route)

=========================================================================
Timing constraint: Default period analysis for Clock 'CLK'
  Clock period: 3.492ns (frequency: 286.369MHz)
  Total number of paths / destination ports: 74 / 32
-------------------------------------------------------------------------
Delay:               3.492ns (Levels of Logic = 0)
  Source:            SyncAndParalelizationModule/myShiftRegister/Mshreg_SHIFT_REGISTER_1 (FF)
  Destination:       SyncAndParalelizationModule/myShiftRegister/SHIFT_REGISTER_1 (FF)
  Source Clock:      CLK rising
  Destination Clock: CLK rising

  Data Path: SyncAndParalelizationModule/myShiftRegister/Mshreg_SHIFT_REGISTER_1 to SyncAndParalelizationModule/myShiftRegister/SHIFT_REGISTER_1
                                Gate     Net
    Cell:in->out      fanout   Delay   Delay  Logical Name (Net Name)
    ----------------------------------------  ------------
     SRL16:CLK->Q          1   3.224   0.000  SyncAndParalelizationModule/myShiftRegister/Mshreg_SHIFT_REGISTER_1 (SyncAndParalelizationModule/myShiftRegister/Mshreg_SHIFT_REGISTER_1)
     FD:D                      0.268          SyncAndParalelizationModule/myShiftRegister/SHIFT_REGISTER_1
    ----------------------------------------
    Total                      3.492ns (3.492ns logic, 0.000ns route)
                                       (100.0% logic, 0.0% route)

=========================================================================
Timing constraint: Default OFFSET IN BEFORE for Clock 'FCLK'
  Total number of paths / destination ports: 1 / 1
-------------------------------------------------------------------------
Offset:              1.829ns (Levels of Logic = 1)
  Source:            DATA (PAD)
  Destination:       SyncAndParalelizationModule/mySyncAndDebounceData/myDebouncer/Mshreg_SHIFTER_1 (FF)
  Destination Clock: FCLK rising

  Data Path: DATA to SyncAndParalelizationModule/mySyncAndDebounceData/myDebouncer/Mshreg_SHIFTER_1
                                Gate     Net
    Cell:in->out      fanout   Delay   Delay  Logical Name (Net Name)
    ----------------------------------------  ------------
     IBUF:I->O             1   1.106   0.357  DATA_IBUF (DATA_IBUF)
     SRL16:D                   0.366          SyncAndParalelizationModule/mySyncAndDebounceData/myDebouncer/Mshreg_SHIFTER_1
    ----------------------------------------
    Total                      1.829ns (1.472ns logic, 0.357ns route)
                                       (80.5% logic, 19.5% route)

=========================================================================
Timing constraint: Default OFFSET OUT AFTER for Clock 'FCLK'
  Total number of paths / destination ports: 8 / 8
-------------------------------------------------------------------------
Offset:              4.040ns (Levels of Logic = 1)
  Source:            CIRCUIT_OUT_DATA_7 (FF)
  Destination:       CIRCUIT_OUT_DATA<7> (PAD)
  Source Clock:      FCLK rising

  Data Path: CIRCUIT_OUT_DATA_7 to CIRCUIT_OUT_DATA<7>
                                Gate     Net
    Cell:in->out      fanout   Delay   Delay  Logical Name (Net Name)
    ----------------------------------------  ------------
     FDR:C->Q              1   0.514   0.357  CIRCUIT_OUT_DATA_7 (CIRCUIT_OUT_DATA_7)
     OBUF:I->O                 3.169          CIRCUIT_OUT_DATA_7_OBUF (CIRCUIT_OUT_DATA<7>)
    ----------------------------------------
    Total                      4.040ns (3.683ns logic, 0.357ns route)
                                       (91.2% logic, 8.8% route)

=========================================================================


Total REAL time to Xst completion: 3.00 secs
Total CPU time to Xst completion: 2.96 secs
 
--> 


Total memory usage is 512604 kilobytes

Number of errors   :    0 (   0 filtered)
Number of warnings :   25 (   0 filtered)
Number of infos    :    0 (   0 filtered)

